outputs/logs/manifest-merger-debug-report.txt
-- Merging decision tree log ---
manifest
ADDED from AndroidManifest.xml:2:1
	package
		ADDED from AndroidManifest.xml:3:5
		INJECTED from AndroidManifest.xml:0:0
		INJECTED from AndroidManifest.xml:0:0
	android:versionName
		INJECTED from AndroidManifest.xml:0:0
		INJECTED from AndroidManifest.xml:0:0
	xmlns:android
		ADDED from AndroidManifest.xml:2:11
	android:versionCode
		INJECTED from AndroidManifest.xml:0:0
		INJECTED from AndroidManifest.xml:0:0
application
ADDED from AndroidManifest.xml:5:5
MERGED from com.android.support:appcompat-v7:24.0.0-alpha2:25:5
MERGED from com.android.support:support-vector-drawable:24.0.0-alpha2:23:5
MERGED from com.android.support:support-v4:24.0.0-alpha2:22:5
MERGED from com.android.support:animated-vector-drawable:24.0.0-alpha2:22:5
MERGED from com.android.support:support-vector-drawable:24.0.0-alpha2:23:5
MERGED from com.android.support:support-v4:24.0.0-alpha2:22:5
MERGED from com.android.support:support-v4:24.0.0-alpha2:22:5
	android:label
		ADDED from AndroidManifest.xml:9:9
	android:allowBackup
		ADDED from AndroidManifest.xml:7:9
	android:icon
		ADDED from AndroidManifest.xml:8:9
	android:theme
		ADDED from AndroidManifest.xml:10:9
	android:name
		ADDED from AndroidManifest.xml:6:9
service#com.assignmenttp.service.customer.birthdayParty.implem.BirthdayPartyServiceImplem
ADDED from AndroidManifest.xml:11:9
	android:enabled
		ADDED from AndroidManifest.xml:13:13
	android:exported
		ADDED from AndroidManifest.xml:14:13
	android:name
		ADDED from AndroidManifest.xml:12:13
service#com.assignmenttp.service.customer.birthdayParty.implem.UpdateBirthdayPartyServiceImplem
ADDED from AndroidManifest.xml:15:9
	android:enabled
		ADDED from AndroidManifest.xml:17:13
	android:exported
		ADDED from AndroidManifest.xml:18:13
	android:name
		ADDED from AndroidManifest.xml:16:13
service#com.assignmenttp.service.customer.funeral.implem.UpdateFuneralServiceImplem
ADDED from AndroidManifest.xml:19:9
	android:enabled
		ADDED from AndroidManifest.xml:21:13
	android:exported
		ADDED from AndroidManifest.xml:22:13
	android:name
		ADDED from AndroidManifest.xml:20:13
service#com.assignmenttp.service.customer.graduation.implem.UpdateGraduationServiceImplem
ADDED from AndroidManifest.xml:23:9
	android:enabled
		ADDED from AndroidManifest.xml:25:13
	android:exported
		ADDED from AndroidManifest.xml:26:13
	android:name
		ADDED from AndroidManifest.xml:24:13
service#com.assignmenttp.service.customer.others.implem.UpdateOthersServiceImplem
ADDED from AndroidManifest.xml:27:9
	android:enabled
		ADDED from AndroidManifest.xml:29:13
	android:exported
		ADDED from AndroidManifest.xml:30:13
	android:name
		ADDED from AndroidManifest.xml:28:13
service#com.assignmenttp.service.customer.rel.implem.UpdateReligionServiceImplem
ADDED from AndroidManifest.xml:31:9
	android:enabled
		ADDED from AndroidManifest.xml:33:13
	android:exported
		ADDED from AndroidManifest.xml:34:13
	android:name
		ADDED from AndroidManifest.xml:32:13
service#com.assignmenttp.service.customer.funeral.implem.FuneralServiceImplem
ADDED from AndroidManifest.xml:35:9
	android:enabled
		ADDED from AndroidManifest.xml:37:13
	android:exported
		ADDED from AndroidManifest.xml:38:13
	android:name
		ADDED from AndroidManifest.xml:36:13
service#com.assignmenttp.service.customer.graduation.implem.AddGraduationServiceImplem
ADDED from AndroidManifest.xml:39:9
	android:enabled
		ADDED from AndroidManifest.xml:41:13
	android:exported
		ADDED from AndroidManifest.xml:42:13
	android:name
		ADDED from AndroidManifest.xml:40:13
service#com.assignmenttp.service.customer.others.implem.AddOthersServiceimplem
ADDED from AndroidManifest.xml:43:9
	android:enabled
		ADDED from AndroidManifest.xml:45:13
	android:exported
		ADDED from AndroidManifest.xml:46:13
	android:name
		ADDED from AndroidManifest.xml:44:13
service#com.assignmenttp.service.customer.rel.implem.AddReligionServiceimplem
ADDED from AndroidManifest.xml:47:9
	android:enabled
		ADDED from AndroidManifest.xml:49:13
	android:exported
		ADDED from AndroidManifest.xml:50:13
	android:name
		ADDED from AndroidManifest.xml:48:13
service#com.assignmenttp.service.customer.employees.photo.implem.AddPhotoTakerService
ADDED from AndroidManifest.xml:51:9
	android:enabled
		ADDED from AndroidManifest.xml:53:13
	android:exported
		ADDED from AndroidManifest.xml:54:13
	android:name
		ADDED from AndroidManifest.xml:52:13
activity#com.assignmenttp.MainActivity
ADDED from AndroidManifest.xml:56:9
	android:label
		ADDED from AndroidManifest.xml:58:13
	android:name
		ADDED from AndroidManifest.xml:57:13
uses-sdk
INJECTED from AndroidManifest.xml:0:0 reason: use-sdk injection requested
MERGED from com.android.support:appcompat-v7:24.0.0-alpha2:21:5
MERGED from com.android.support:support-vector-drawable:24.0.0-alpha2:21:5
MERGED from com.android.support:support-v4:24.0.0-alpha2:20:5
MERGED from com.android.support:animated-vector-drawable:24.0.0-alpha2:20:5
MERGED from com.android.support:support-vector-drawable:24.0.0-alpha2:21:5
MERGED from com.android.support:support-v4:24.0.0-alpha2:20:5
MERGED from com.android.support:support-v4:24.0.0-alpha2:20:5
	tools:overrideLibrary
		ADDED from com.android.support:appcompat-v7:24.0.0-alpha2:23:9
	android:targetSdkVersion
		INJECTED from AndroidManifest.xml:0:0
		INJECTED from AndroidManifest.xml:0:0
	android:minSdkVersion
		INJECTED from AndroidManifest.xml:0:0
		INJECTED from AndroidManifest.xml:0:0